2024-07-30 00:17:54,190 - DEBUG - {"clientId": {"$oid": "66a893a23b940dcbe8b7ec81"}, "message": "Connection pool created", "serverHost": "localhost", "serverPort": 27017}
2024-07-30 00:17:54,192 - INFO - Connected to MongoDB successfully.
2024-07-30 00:17:54,198 - DEBUG - {"clientId": {"$oid": "66a893a23b940dcbe8b7ec81"}, "message": "Connection pool ready", "serverHost": "localhost", "serverPort": 27017}
2024-07-30 00:18:32,605 - DEBUG - {"message": "Server selection started", "selector": "Primary()", "operation": "find", "topologyDescription": "<TopologyDescription id: 66a893a23b940dcbe8b7ec81, topology_type: Single, servers: [<ServerDescription ('localhost', 27017) server_type: Standalone, rtt: 0.007679999999701978>]>", "clientId": {"$oid": "66a893a23b940dcbe8b7ec81"}}
2024-07-30 00:18:32,606 - DEBUG - {"message": "Server selection succeeded", "selector": "Primary()", "operation": "find", "topologyDescription": "<TopologyDescription id: 66a893a23b940dcbe8b7ec81, topology_type: Single, servers: [<ServerDescription ('localhost', 27017) server_type: Standalone, rtt: 0.007679999999701978>]>", "clientId": {"$oid": "66a893a23b940dcbe8b7ec81"}, "serverHost": "localhost", "serverPort": 27017}
2024-07-30 00:18:32,606 - DEBUG - {"clientId": {"$oid": "66a893a23b940dcbe8b7ec81"}, "message": "Connection checkout started", "serverHost": "localhost", "serverPort": 27017}
2024-07-30 00:18:32,606 - DEBUG - {"clientId": {"$oid": "66a893a23b940dcbe8b7ec81"}, "message": "Connection created", "serverHost": "localhost", "serverPort": 27017, "driverConnectionId": 1}
2024-07-30 00:18:32,624 - DEBUG - {"clientId": {"$oid": "66a893a23b940dcbe8b7ec81"}, "message": "Connection ready", "serverHost": "localhost", "serverPort": 27017, "driverConnectionId": 1, "durationMS": 0.0}
2024-07-30 00:18:32,625 - DEBUG - {"clientId": {"$oid": "66a893a23b940dcbe8b7ec81"}, "message": "Connection checked out", "serverHost": "localhost", "serverPort": 27017, "driverConnectionId": 1, "durationMS": 0.014999999999417923}
2024-07-30 00:18:32,625 - DEBUG - {"clientId": {"$oid": "66a893a23b940dcbe8b7ec81"}, "message": "Command started", "command": "{\"find\": \"users\", \"filter\": {\"username\": \"test\", \"password\": \"wha\"}, \"limit\": 1, \"singleBatch\": true, \"lsid\": {\"id\": {\"$binary\": {\"base64\": \"cI4ekcTATHWBoOwMBfwNsw==\", \"subType\": \"04\"}}}, \"$db\": \"project1\"}", "commandName": "find", "databaseName": "project1", "requestId": 18467, "operationId": 18467, "driverConnectionId": 1, "serverConnectionId": 60, "serverHost": "localhost", "serverPort": 27017}
2024-07-30 00:18:32,626 - DEBUG - {"clientId": {"$oid": "66a893a23b940dcbe8b7ec81"}, "message": "Command succeeded", "durationMS": 1.0, "reply": "{\"cursor\": {\"ns\": \"project1.users\"}, \"ok\": 1.0}", "commandName": "find", "databaseName": "project1", "requestId": 18467, "operationId": 18467, "driverConnectionId": 1, "serverConnectionId": 60, "serverHost": "localhost", "serverPort": 27017}
2024-07-30 00:18:32,626 - DEBUG - {"clientId": {"$oid": "66a893a23b940dcbe8b7ec81"}, "message": "Connection checked in", "serverHost": "localhost", "serverPort": 27017, "driverConnectionId": 1}
2024-07-30 00:18:32,626 - WARNING - Invalid login attempt for username: test.
2024-07-30 00:18:43,677 - DEBUG - {"message": "Server selection started", "selector": "Primary()", "operation": "find", "topologyDescription": "<TopologyDescription id: 66a893a23b940dcbe8b7ec81, topology_type: Single, servers: [<ServerDescription ('localhost', 27017) server_type: Standalone, rtt: 0.006143999999761583>]>", "clientId": {"$oid": "66a893a23b940dcbe8b7ec81"}}
2024-07-30 00:18:43,677 - DEBUG - {"message": "Server selection succeeded", "selector": "Primary()", "operation": "find", "topologyDescription": "<TopologyDescription id: 66a893a23b940dcbe8b7ec81, topology_type: Single, servers: [<ServerDescription ('localhost', 27017) server_type: Standalone, rtt: 0.006143999999761583>]>", "clientId": {"$oid": "66a893a23b940dcbe8b7ec81"}, "serverHost": "localhost", "serverPort": 27017}
2024-07-30 00:18:43,677 - DEBUG - {"clientId": {"$oid": "66a893a23b940dcbe8b7ec81"}, "message": "Connection checkout started", "serverHost": "localhost", "serverPort": 27017}
2024-07-30 00:18:43,677 - DEBUG - {"clientId": {"$oid": "66a893a23b940dcbe8b7ec81"}, "message": "Connection checked out", "serverHost": "localhost", "serverPort": 27017, "driverConnectionId": 1, "durationMS": 0.0}
2024-07-30 00:18:43,678 - DEBUG - {"clientId": {"$oid": "66a893a23b940dcbe8b7ec81"}, "message": "Command started", "command": "{\"find\": \"users\", \"filter\": {\"username\": \"test\", \"password\": \"Password!\"}, \"limit\": 1, \"singleBatch\": true, \"lsid\": {\"id\": {\"$binary\": {\"base64\": \"cI4ekcTATHWBoOwMBfwNsw==\", \"subType\": \"04\"}}}, \"$db\": \"project1\"}", "commandName": "find", "databaseName": "project1", "requestId": 6334, "operationId": 6334, "driverConnectionId": 1, "serverConnectionId": 60, "serverHost": "localhost", "serverPort": 27017}
2024-07-30 00:18:43,678 - DEBUG - {"clientId": {"$oid": "66a893a23b940dcbe8b7ec81"}, "message": "Command succeeded", "durationMS": 1.0150000000000001, "reply": "{\"cursor\": {\"firstBatch\": [{\"_id\": {\"$oid\": \"66a7f20d97de664c12de3a34\"}, \"username\": \"test\", \"password\": \"Password!\"}], \"ns\": \"project1.users\"}, \"ok\": 1.0}", "commandName": "find", "databaseName": "project1", "requestId": 6334, "operationId": 6334, "driverConnectionId": 1, "serverConnectionId": 60, "serverHost": "localhost", "serverPort": 27017}
2024-07-30 00:18:43,678 - DEBUG - {"clientId": {"$oid": "66a893a23b940dcbe8b7ec81"}, "message": "Connection checked in", "serverHost": "localhost", "serverPort": 27017, "driverConnectionId": 1}
2024-07-30 00:18:43,679 - INFO - Login successful for username: test.
2024-07-30 00:24:14,899 - INFO - Connected to MongoDB successfully.
2024-07-30 00:24:20,224 - INFO - Login successful for username: test.
